\BOOKMARK [0][]{chapter.1}{\376\377\173\054\116\000\172\340\000\040\122\035\213\306\176\317\121\170\127\072\213\272}{}% 1
\BOOKMARK [1][]{section.1.1}{\376\377\0001\000.\0001\000\040\116\316\174\222\133\120\122\060\127\072}{chapter.1}% 2
\BOOKMARK [1][]{section.1.2}{\376\377\0001\000.\0002\000\040\174\222\133\120\117\134\116\072\127\072\145\271\172\013\166\204\211\343}{chapter.1}% 3
\BOOKMARK [0][]{chapter.2}{\376\377\173\054\116\214\172\340\000\040\166\370\133\371\140\047\123\237\164\006\116\016\127\072\213\272}{}% 4
\BOOKMARK [0][]{chapter.3}{\376\377\173\054\116\011\172\340\000\040\133\371\171\360\140\047\116\016\133\371\171\360\140\047\201\352\123\321\170\064\177\072}{}% 5
\BOOKMARK [1][]{section.3.1}{\376\377\0003\000.\0001\000\040\000N\000o\000e\000t\000h\000e\000r\133\232\164\006}{chapter.3}% 6
\BOOKMARK [1][]{section.3.2}{\376\377\0003\000.\0002\000\040\133\371\171\360\140\047}{chapter.3}% 7
\BOOKMARK [2][]{subsection.3.2.1}{\376\377\0003\000.\0002\000.\0001\000\040\121\205\220\350\133\371\171\360\140\047}{section.3.2}% 8
\BOOKMARK [1][]{section.3.3}{\376\377\0003\000.\0003\000\040\145\366\172\172\136\163\171\373\133\371\171\360\140\047}{chapter.3}% 9
\BOOKMARK [1][]{section.3.4}{\376\377\0003\000.\0004\000\040\000L\000o\000r\000e\000n\000t\000z\133\371\171\360\140\047}{chapter.3}% 10
\BOOKMARK [1][]{section.3.5}{\376\377\0003\000.\0005\000\040\133\371\171\360\140\047\201\352\123\321\170\064\177\072}{chapter.3}% 11
\BOOKMARK [0][]{chapter.4}{\376\377\173\054\126\333\172\340\000\040\211\304\203\003\133\371\171\360\140\047\124\214\000M\000a\000x\000w\000e\000l\000l\145\271\172\013}{}% 12
\BOOKMARK [1][]{section.4.1}{\376\377\0004\000.\0001\000\040\134\100\127\337\123\026\000U\000\050\0001\000\051\145\164\117\123\133\371\171\360\140\047}{chapter.4}% 13
\BOOKMARK [1][]{section.4.2}{\376\377\0004\000.\0002\000\040\211\304\203\003\127\072\166\204\122\250\122\233\133\146\377\032\000M\000a\000x\000w\000e\000l\000l\145\271\172\013}{chapter.4}% 14
\BOOKMARK [1][]{section.4.3}{\376\377\0004\000.\0003\000\040\123\357\211\302\155\113\221\317\211\304\203\003\116\015\123\330\140\047}{chapter.4}% 15
\BOOKMARK [1][]{section.4.4}{\376\377\0004\000.\0004\000\040\165\065\170\301\127\072\166\204\200\375\221\317\060\001\122\250\221\317\060\001\211\322\122\250\221\317}{chapter.4}% 16
\BOOKMARK [2][]{subsection.4.4.1}{\376\377\0004\000.\0004\000.\0001\000\040\133\236\150\007\221\317\127\072}{section.4.4}% 17
\BOOKMARK [2][]{subsection.4.4.2}{\376\377\0004\000.\0004\000.\0002\000\040\165\065\170\301\127\072}{section.4.4}% 18
\BOOKMARK [2][]{subsection.4.4.3}{\376\377\0004\000.\0004\000.\0003\000\040\165\065\170\301\127\072\116\016\131\015\150\007\221\317\127\072\200\046\124\010\174\373\176\337}{section.4.4}% 19
\BOOKMARK [1][]{section.4.5}{\376\377\0004\000.\0005\000\040\131\026\137\256\122\006\137\142\137\017\000M\000a\000x\000w\000e\000l\000l\145\271\172\013\176\304}{chapter.4}% 20
\BOOKMARK [0][]{chapter.5}{\376\377\173\054\116\224\172\340\000\040\215\205\133\374\166\204\147\011\145\110\164\006\213\272\116\345\123\312\155\241\145\313\211\343}{}% 21
\BOOKMARK [1][]{section.5.1}{\376\377\0005\000.\0001\000\040\000G\000i\000n\000z\000b\000u\000r\000g\000-\000L\000a\000n\000d\000a\000u\164\006\213\272}{chapter.5}% 22
\BOOKMARK [1][]{section.5.2}{\376\377\0005\000.\0002\000\040\155\241\145\313\211\343}{chapter.5}% 23
\BOOKMARK [0][]{chapter.6}{\376\377\173\054\121\155\172\340\000\040\136\046\165\065\174\222\133\120\116\016\165\065\170\301\127\072\166\204\200\046\124\010}{}% 24
\BOOKMARK [1][]{section.6.1}{\376\377\0006\000.\0001\000\040\131\032\201\352\165\061\174\222\133\120\174\373\176\337}{chapter.6}% 25
\BOOKMARK [1][]{section.6.2}{\376\377\0006\000.\0002\000\040\136\046\165\065\174\222\133\120\116\016\165\065\170\301\127\072\166\204\200\046\124\010}{chapter.6}% 26
\BOOKMARK [0][]{chapter.7}{\376\377\173\054\116\003\172\340\000\040\217\320\122\250\165\065\203\167\166\204\165\065\170\301\127\072}{}% 27
\BOOKMARK [1][]{section.7.1}{\376\377\0007\000.\0001\000\040\143\250\217\337\122\277}{chapter.7}% 28
\BOOKMARK [1][]{section.7.2}{\376\377\0007\000.\0002\000\040\136\046\165\065\174\222\133\120\165\065\170\301\127\072}{chapter.7}% 29
\BOOKMARK [2][]{subsection.7.2.1}{\376\377\0007\000.\0002\000.\0001\000\040\000L\000i\000e\000n\000a\000r\000d\000-\000W\000i\000e\000c\000h\000e\000r\000t\122\277}{section.7.2}% 30
\BOOKMARK [2][]{subsection.7.2.2}{\376\377\0007\000.\0002\000.\0002\000\040\000H\000e\000a\000v\000i\000s\000i\000d\000e\000-\000F\000e\000y\000n\000m\000a\000n\121\154\137\017}{section.7.2}% 31
\BOOKMARK [2][]{subsection.7.2.3}{\376\377\0007\000.\0002\000.\0003\000\040\217\320\122\250\165\065\203\167\166\204\165\065\170\301\217\220\134\004}{section.7.2}% 32
\BOOKMARK [1][]{section.7.3}{\376\377\0007\000.\0003\000\040\117\116\220\037\136\046\165\065\174\222\133\120\117\123\174\373\166\204\147\011\145\110\117\134\165\050\221\317}{chapter.7}% 33
\BOOKMARK [0][]{chapter.8}{\376\377\173\054\121\153\172\340\000\040\116\313\215\050\116\055\166\204\165\065\170\301\127\072\116\016\120\166\147\201\217\220\134\004}{}% 34
\BOOKMARK [1][]{section.8.1}{\376\377\0008\000.\0001\000\040\120\166\147\201\200\046\124\010}{chapter.8}% 35
\BOOKMARK [1][]{section.8.2}{\376\377\0008\000.\0002\000\040\116\313\215\050\116\055\166\204\165\065\170\301\127\072}{chapter.8}% 36
\BOOKMARK [2][]{subsection.8.2.1}{\376\377\0008\000.\0002\000.\0001\000\040\176\277\140\047\116\313\215\050\116\055\165\065\170\301\127\072\166\204\200\375\221\317\124\214\122\250\221\317}{section.8.2}% 37
\BOOKMARK [1][]{section.8.3}{\376\377\0008\000.\0003\000\040\120\166\147\201\133\120\166\204\127\072}{chapter.8}% 38
\BOOKMARK [2][]{subsection.8.3.1}{\376\377\0008\000.\0003\000.\0001\000\040\227\131\140\001\120\166\147\201\133\120\166\204\127\072}{section.8.3}% 39
\BOOKMARK [2][]{subsection.8.3.2}{\376\377\0008\000.\0003\000.\0002\000\040\120\166\147\201\217\220\134\004}{section.8.3}% 40
\BOOKMARK [0][]{chapter.9}{\376\377\173\054\116\135\172\340\000\040\170\301\123\125\147\201\133\120\124\214\230\171}{}% 41
\BOOKMARK [1][]{section.9.1}{\376\377\0009\000.\0001\000\040\165\065\170\301\133\371\120\166}{chapter.9}% 42
\BOOKMARK [1][]{section.9.2}{\376\377\0009\000.\0002\000\040\000D\000i\000r\000a\000c\164\006\213\272}{chapter.9}% 43
\BOOKMARK [1][]{section.9.3}{\376\377\0009\000.\0003\000\040\230\171}{chapter.9}% 44
\BOOKMARK [2][]{subsection.9.3.1}{\376\377\0009\000.\0003\000.\0001\000\040\217\164\133\120\165\065\122\250\122\233\133\146}{section.9.3}% 45
\BOOKMARK [2][]{subsection.9.3.2}{\376\377\0009\000.\0003\000.\0002\000\040\142\323\142\121\176\335\177\030\117\123}{section.9.3}% 46
\BOOKMARK [2][]{subsection.9.3.3}{\376\377\0009\000.\0003\000.\0003\000\040\000W\000i\000t\000t\000e\000n\145\110\136\224}{section.9.3}% 47
\BOOKMARK [0][]{chapter.10}{\376\377\173\054\123\101\172\340\000\040\000Y\000a\000n\000g\000-\000M\000i\000l\000l\000s\164\006\213\272\116\016\000'\000t\000\040\000H\000o\000o\000f\000t\000-\000P\000o\000l\000y\000a\000k\000o\000v\170\301\123\125\147\201}{}% 48
\BOOKMARK [1][]{section.10.1}{\376\377\0001\0000\000.\0001\000\040\000Y\000a\000n\000g\000-\000M\000i\000l\000l\000s\164\006\213\272}{chapter.10}% 49
\BOOKMARK [1][]{section.10.2}{\376\377\0001\0000\000.\0002\000\040\000'\000t\000\040\000H\000o\000o\000f\000t\000-\000P\000o\000l\000y\000a\000k\000o\000v\170\301\123\125\147\201}{chapter.10}% 50
